[     645ms] Unexpected token ','
[     701ms] Uncaught Error: Page Id is required!
    at e (https://mccdn.me/assets/js/widget.js:0:19758)
    at <anonymous> (https://mccdn.me/assets/js/widget.js:0:21306)
    at <anonymous> (https://mccdn.me/assets/js/widget.js:0:21316)
    at <anonymous> (https://mccdn.me/assets/js/widget.js:0:21321)
[    2237ms] [WARNING] No target element for the timer widget with selector: countdown-timer#countdown-timer-wrapper @ https://amaicdn.com/timer-app/common.js:1
[    2251ms] [INFO] k-web-pixel-version 1 @ https://onexplayerstore.com/web-pixels/strict/app/web-pixel-2404876582@524f6c1ee37bacdca7657a665bdca589.js:0
[    2252ms] [LOG] %c PageFly %c Customer Events Tracker %c Version 2.1.13 %c background:#4a4cf6;padding:2px 1px;border-radius:3px 0 0 3px;color:#FFFFFF background:#0094ff;padding:2px 1px;color:#000000 background:#FE2C55;padding:2px 1px;border-radius:0 3px 3px 0;color:#25F4EE background:transparent @ https://onexplayerstore.com/web-pixels/strict/app/web-pixel-2930376998@adaf13cc27e1db1a685106a61ec8ed55.js:0
[    2252ms] [LOG] {subscribe: } analytics @ https://onexplayerstore.com/web-pixels/strict/app/web-pixel-105054502@ec8bbf06c941e7165cedcdacba598815.js:0
[    2252ms] [LOG] version 2 @ https://onexplayerstore.com/web-pixels/strict/app/web-pixel-105054502@ec8bbf06c941e7165cedcdacba598815.js:0
[    2480ms] [WARNING] In a sandboxed environment, addEventListener may not behave as expected. @ https://onexplayerstore.com/web-pixels@bf1e3d2ew26dbbaaapfd680b2dm57e27560/custom/web-pixel-143982886@1/sandbox/modern/blogs/news/why-the-onexplayer-3-may-be-the-most-powerful-handheld-gaming-pc-of-2026:6
[    2518ms] [LOG] {shopID: 4y8ACSRpUS7mcQ} @ https://onexplayerstore.com/web-pixels/strict/app/web-pixel-105054502@ec8bbf06c941e7165cedcdacba598815.js:0
[    2518ms] [LOG] Page viewed {id: sh-df302755-2EE9-4EC5-3301-9B1DA4FE5BCF, name: page_viewed, data: Object, type: standard, timestamp: 2026-06-19T09:22:14.375Z} @ https://onexplayerstore.com/web-pixels/strict/app/web-pixel-105054502@ec8bbf06c941e7165cedcdacba598815.js:0
[    2519ms] TypeError: Cannot read properties of undefined (reading 'value')
    at selectTutorialVersion (https://onexplayerstore.com/blogs/news/why-the-onexplayer-3-may-be-the-most-powerful-handheld-gaming-pc-of-2026:23746:71)
    at https://onexplayerstore.com/blogs/news/why-the-onexplayer-3-may-be-the-most-powerful-handheld-gaming-pc-of-2026:23746:106
[    2527ms] Uncaught Error: Page Id is required!
    at e (https://mccdn.me/assets/js/widget.js:0:19758)
    at <anonymous> (https://mccdn.me/assets/js/widget.js:0:21306)
    at <anonymous> (https://mccdn.me/assets/js/widget.js:0:21316)
    at <anonymous> (https://mccdn.me/assets/js/widget.js:0:21321)
[    2555ms] [LOG] %c Powerful Contact Form Builder %c
%c✨ Top 1 Form App for Shopify (2026)
🌍 Trusted by 50,000+ global merchants
🧩 Build stunning, fully customizable contact forms in minutes
⚡ Capture leads, feedback & inquiries effortlessly — no coding required
Learn more:%c%s background: linear-gradient(90deg,rgb(0, 126, 96) 0%,rgb(9, 189, 147) 40%,rgb(87, 177, 98) 100%);color: white;padding: 6px 10px;border-radius: 4px;font-weight: 800;font-family: "Segoe UI", Roboto, Menlo, monospace;font-size: 15px;box-shadow: 0 3px 0 rgba(0,0,0,0.12), inset 0 -4px 12px rgba(255,255,255,0.06);display: inline-block font-family: Menlo, Monaco, Consolas, "Courier New", monospace;font-weight: 700;color: #0b4626;font-size: 14px;display: inline-block;vertical-align: middle display:block;font-family: Menlo, Monaco, Consolas, "Courier New", monospace;font-size: 13px;line-height: 1.5;padding-top: 8px display:block;font-family: Menlo, Monaco, Consolas, "Courier New", monospace;font-size: 12px;text-decoration: underline;color: #1a57d6;font-weight: 600 https://apps.shopify.com/form-builder-contact-form?utm_source=storefront-console&utm_medium=console&utm_campaign=gigf&utm_content=learn-more&utm_term=onexplayer.myshopify.com @ https://cdn.shopify.com/extensions/019ed8a6-b904-7d66-b726-5f67c677dda9/powerful-form-builder-323/assets/globo.formbuilder.index.js:0
[    2558ms] [INFO] Run helper.... @ https://cdn.shopify.com/extensions/019ede41-3d3d-7ca5-8f2e-c6901b6cdbd4/pagefly-page-builder-291/assets/pagefly-general-helper.js:0
[    2573ms] [LOG] productATCs [] @ https://cdn.shopify.com/extensions/019ede41-3d3d-7ca5-8f2e-c6901b6cdbd4/pagefly-page-builder-291/assets/pagefly-product.js:4
[    2616ms] [WARNING] In a sandboxed environment, addEventListener may not behave as expected. @ https://onexplayerstore.com/web-pixels@bf1e3d2ew26dbbaaapfd680b2dm57e27560/custom/web-pixel-157384998@4/sandbox/modern/blogs/news/why-the-onexplayer-3-may-be-the-most-powerful-handheld-gaming-pc-of-2026:6
[    2766ms] [VERBOSE] [DOM] Input elements should have autocomplete attributes (suggested: "current-password"): (More info: https://goo.gl/9p2vKq) %o @ https://onexplayerstore.com/blogs/news/why-the-onexplayer-3-may-be-the-most-powerful-handheld-gaming-pc-of-2026:0
[    4366ms] [LOG] Script loaded successfully: https://cdn.shopify.com/extensions/019ede41-3d3d-7ca5-8f2e-c6901b6cdbd4/pagefly-page-builder-291/assets/pagefly-htmlvideo2.js @ https://cdn.shopify.com/extensions/019ede41-3d3d-7ca5-8f2e-c6901b6cdbd4/pagefly-page-builder-291/assets/pagefly-general-helper.js:0
[    9738ms] [WARNING] The resource https://code.tidio.co/widget-v4/fonts/mulish_SGhgqk3wotYKNnBQ.woff2 was preloaded using link preload but not used within a few seconds from the window's load event. Please make sure it has an appropriate `as` value and it is preloaded intentionally. @ about:blank:0
